
   INFO  Running scheduled tasks every minute.  

  2025-06-08 22:00:00 Running ['artisan' tareas:whatsapp-notify] .. 167ms DONE
  ⇂ '/usr/bin/php8.1' 'artisan' tareas:whatsapp-notify > '/dev/null' 2>&1  

  2025-06-08 22:01:00 Running ['artisan' tareas:whatsapp-notify]  1,173ms DONE
  ⇂ '/usr/bin/php8.1' 'artisan' tareas:whatsapp-notify > '/dev/null' 2>&1  

  2025-06-08 22:02:00 Running ['artisan' tareas:whatsapp-notify] .. 123ms DONE
  ⇂ '/usr/bin/php8.1' 'artisan' tareas:whatsapp-notify > '/dev/null' 2>&1  

  2025-06-08 22:03:00 Running ['artisan' tareas:whatsapp-notify] .. 121ms DONE
  ⇂ '/usr/bin/php8.1' 'artisan' tareas:whatsapp-notify > '/dev/null' 2>&1  

  2025-06-08 22:04:00 Running ['artisan' tareas:whatsapp-notify] .. 100ms DONE
  ⇂ '/usr/bin/php8.1' 'artisan' tareas:whatsapp-notify > '/dev/null' 2>&1  

  2025-06-08 22:05:00 Running ['artisan' tareas:whatsapp-notify] .. 108ms DONE
  ⇂ '/usr/bin/php8.1' 'artisan' tareas:whatsapp-notify > '/dev/null' 2>&1  

  2025-06-08 22:06:00 Running ['artisan' tareas:whatsapp-notify] ... 96ms DONE
  ⇂ '/usr/bin/php8.1' 'artisan' tareas:whatsapp-notify > '/dev/null' 2>&1  

  2025-06-08 22:07:00 Running ['artisan' tareas:whatsapp-notify] .. 110ms DONE
  ⇂ '/usr/bin/php8.1' 'artisan' tareas:whatsapp-notify > '/dev/null' 2>&1  

  2025-06-08 22:08:00 Running ['artisan' tareas:whatsapp-notify] .. 114ms DONE
  ⇂ '/usr/bin/php8.1' 'artisan' tareas:whatsapp-notify > '/dev/null' 2>&1  

  2025-06-08 22:09:00 Running ['artisan' tareas:whatsapp-notify] .. 110ms DONE
  ⇂ '/usr/bin/php8.1' 'artisan' tareas:whatsapp-notify > '/dev/null' 2>&1  

  2025-06-08 22:10:00 Running ['artisan' tareas:whatsapp-notify] .. 114ms DONE
  ⇂ '/usr/bin/php8.1' 'artisan' tareas:whatsapp-notify > '/dev/null' 2>&1  

  2025-06-08 22:11:00 Running ['artisan' tareas:whatsapp-notify] ... 99ms DONE
  ⇂ '/usr/bin/php8.1' 'artisan' tareas:whatsapp-notify > '/dev/null' 2>&1  

  2025-06-08 22:12:00 Running ['artisan' tareas:whatsapp-notify] ... 98ms DONE
  ⇂ '/usr/bin/php8.1' 'artisan' tareas:whatsapp-notify > '/dev/null' 2>&1  

  2025-06-08 22:13:00 Running ['artisan' tareas:whatsapp-notify] .. 113ms DONE
  ⇂ '/usr/bin/php8.1' 'artisan' tareas:whatsapp-notify > '/dev/null' 2>&1  

  2025-06-08 22:14:00 Running ['artisan' tareas:whatsapp-notify] .. 109ms DONE
  ⇂ '/usr/bin/php8.1' 'artisan' tareas:whatsapp-notify > '/dev/null' 2>&1  

  2025-06-08 22:15:00 Running ['artisan' tareas:whatsapp-notify] ... 99ms DONE
  ⇂ '/usr/bin/php8.1' 'artisan' tareas:whatsapp-notify > '/dev/null' 2>&1  

  2025-06-08 22:16:00 Running ['artisan' tareas:whatsapp-notify] ... 99ms DONE
  ⇂ '/usr/bin/php8.1' 'artisan' tareas:whatsapp-notify > '/dev/null' 2>&1  

  2025-06-08 22:17:00 Running ['artisan' tareas:whatsapp-notify] .. 109ms DONE
  ⇂ '/usr/bin/php8.1' 'artisan' tareas:whatsapp-notify > '/dev/null' 2>&1  

  2025-06-08 22:18:00 Running ['artisan' tareas:whatsapp-notify] .. 110ms DONE
  ⇂ '/usr/bin/php8.1' 'artisan' tareas:whatsapp-notify > '/dev/null' 2>&1  

  2025-06-08 22:19:00 Running ['artisan' tareas:whatsapp-notify] .. 110ms DONE
  ⇂ '/usr/bin/php8.1' 'artisan' tareas:whatsapp-notify > '/dev/null' 2>&1  

  2025-06-08 22:20:00 Running ['artisan' tareas:whatsapp-notify] .. 117ms DONE
  ⇂ '/usr/bin/php8.1' 'artisan' tareas:whatsapp-notify > '/dev/null' 2>&1  

  2025-06-08 22:21:00 Running ['artisan' tareas:whatsapp-notify] ... 97ms DONE
  ⇂ '/usr/bin/php8.1' 'artisan' tareas:whatsapp-notify > '/dev/null' 2>&1  

  2025-06-08 22:22:00 Running ['artisan' tareas:whatsapp-notify] .. 108ms DONE
  ⇂ '/usr/bin/php8.1' 'artisan' tareas:whatsapp-notify > '/dev/null' 2>&1  

  2025-06-08 22:23:00 Running ['artisan' tareas:whatsapp-notify] .. 106ms DONE
  ⇂ '/usr/bin/php8.1' 'artisan' tareas:whatsapp-notify > '/dev/null' 2>&1  

  2025-06-08 22:24:00 Running ['artisan' tareas:whatsapp-notify] .. 110ms DONE
  ⇂ '/usr/bin/php8.1' 'artisan' tareas:whatsapp-notify > '/dev/null' 2>&1  
  2025-06-08 22:25:00 Running ['artisan' tareas:whatsapp-notify] .. 112ms DONE
  ⇂ '/usr/bin/php8.1' 'artisan' tareas:whatsapp-notify > '/dev/null' 2>&1  

  2025-06-08 22:26:00 Running ['artisan' tareas:whatsapp-notify] .. 111ms DONE
  ⇂ '/usr/bin/php8.1' 'artisan' tareas:whatsapp-notify > '/dev/null' 2>&1  

  2025-06-08 22:27:00 Running ['artisan' tareas:whatsapp-notify] .. 112ms DONE
  ⇂ '/usr/bin/php8.1' 'artisan' tareas:whatsapp-notify > '/dev/null' 2>&1  

  2025-06-08 22:28:00 Running ['artisan' tareas:whatsapp-notify] .. 118ms DONE
  ⇂ '/usr/bin/php8.1' 'artisan' tareas:whatsapp-notify > '/dev/null' 2>&1  

  2025-06-08 22:29:00 Running ['artisan' tareas:whatsapp-notify] .. 133ms DONE
  ⇂ '/usr/bin/php8.1' 'artisan' tareas:whatsapp-notify > '/dev/null' 2>&1  

  2025-06-08 22:30:00 Running ['artisan' tareas:whatsapp-notify] .. 107ms DONE
  ⇂ '/usr/bin/php8.1' 'artisan' tareas:whatsapp-notify > '/dev/null' 2>&1  

  2025-06-08 22:31:00 Running ['artisan' tareas:whatsapp-notify] .. 121ms DONE
  ⇂ '/usr/bin/php8.1' 'artisan' tareas:whatsapp-notify > '/dev/null' 2>&1  

  2025-06-08 22:32:00 Running ['artisan' tareas:whatsapp-notify] .. 108ms DONE
  ⇂ '/usr/bin/php8.1' 'artisan' tareas:whatsapp-notify > '/dev/null' 2>&1  

  2025-06-08 22:33:00 Running ['artisan' tareas:whatsapp-notify] .. 107ms DONE
  ⇂ '/usr/bin/php8.1' 'artisan' tareas:whatsapp-notify > '/dev/null' 2>&1  

  2025-06-08 22:34:00 Running ['artisan' tareas:whatsapp-notify] .. 110ms DONE
  ⇂ '/usr/bin/php8.1' 'artisan' tareas:whatsapp-notify > '/dev/null' 2>&1  

  2025-06-08 22:35:00 Running ['artisan' tareas:whatsapp-notify] .. 128ms DONE
  ⇂ '/usr/bin/php8.1' 'artisan' tareas:whatsapp-notify > '/dev/null' 2>&1  

  2025-06-08 22:36:00 Running ['artisan' tareas:whatsapp-notify] .. 137ms DONE
  ⇂ '/usr/bin/php8.1' 'artisan' tareas:whatsapp-notify > '/dev/null' 2>&1  

  2025-06-08 22:37:00 Running ['artisan' tareas:whatsapp-notify] .. 108ms DONE
  ⇂ '/usr/bin/php8.1' 'artisan' tareas:whatsapp-notify > '/dev/null' 2>&1  

  2025-06-08 22:38:00 Running ['artisan' tareas:whatsapp-notify] .. 113ms DONE
  ⇂ '/usr/bin/php8.1' 'artisan' tareas:whatsapp-notify > '/dev/null' 2>&1  

  2025-06-08 22:39:00 Running ['artisan' tareas:whatsapp-notify] .. 115ms DONE
  ⇂ '/usr/bin/php8.1' 'artisan' tareas:whatsapp-notify > '/dev/null' 2>&1  

  2025-06-08 22:40:00 Running ['artisan' tareas:whatsapp-notify] .. 110ms DONE
  ⇂ '/usr/bin/php8.1' 'artisan' tareas:whatsapp-notify > '/dev/null' 2>&1  

  2025-06-08 22:41:00 Running ['artisan' tareas:whatsapp-notify] .. 103ms DONE
  ⇂ '/usr/bin/php8.1' 'artisan' tareas:whatsapp-notify > '/dev/null' 2>&1  

  2025-06-08 22:42:00 Running ['artisan' tareas:whatsapp-notify] .. 106ms DONE
  ⇂ '/usr/bin/php8.1' 'artisan' tareas:whatsapp-notify > '/dev/null' 2>&1  

  2025-06-08 22:43:00 Running ['artisan' tareas:whatsapp-notify] .. 109ms DONE
  ⇂ '/usr/bin/php8.1' 'artisan' tareas:whatsapp-notify > '/dev/null' 2>&1  

  2025-06-08 22:44:00 Running ['artisan' tareas:whatsapp-notify] .. 108ms DONE
  ⇂ '/usr/bin/php8.1' 'artisan' tareas:whatsapp-notify > '/dev/null' 2>&1  

  2025-06-08 22:45:00 Running ['artisan' tareas:whatsapp-notify] .. 110ms DONE
  ⇂ '/usr/bin/php8.1' 'artisan' tareas:whatsapp-notify > '/dev/null' 2>&1  

  2025-06-08 22:46:00 Running ['artisan' tareas:whatsapp-notify] .. 124ms DONE
  ⇂ '/usr/bin/php8.1' 'artisan' tareas:whatsapp-notify > '/dev/null' 2>&1  

  2025-06-08 22:47:00 Running ['artisan' tareas:whatsapp-notify] .. 115ms DONE
  ⇂ '/usr/bin/php8.1' 'artisan' tareas:whatsapp-notify > '/dev/null' 2>&1  

  2025-06-08 22:48:00 Running ['artisan' tareas:whatsapp-notify] .. 120ms DONE
  ⇂ '/usr/bin/php8.1' 'artisan' tareas:whatsapp-notify > '/dev/null' 2>&1  

  2025-06-08 22:49:00 Running ['artisan' tareas:whatsapp-notify] .. 108ms DONE
  ⇂ '/usr/bin/php8.1' 'artisan' tareas:whatsapp-notify > '/dev/null' 2>&1  

  2025-06-08 22:50:00 Running ['artisan' tareas:whatsapp-notify] .. 135ms DONE
  ⇂ '/usr/bin/php8.1' 'artisan' tareas:whatsapp-notify > '/dev/null' 2>&1  

  2025-06-08 22:51:00 Running ['artisan' tareas:whatsapp-notify] .. 128ms DONE
  ⇂ '/usr/bin/php8.1' 'artisan' tareas:whatsapp-notify > '/dev/null' 2>&1  

  2025-06-08 22:52:00 Running ['artisan' tareas:whatsapp-notify] .. 149ms DONE
  ⇂ '/usr/bin/php8.1' 'artisan' tareas:whatsapp-notify > '/dev/null' 2>&1  

  2025-06-08 22:53:00 Running ['artisan' tareas:whatsapp-notify] .. 102ms DONE
  ⇂ '/usr/bin/php8.1' 'artisan' tareas:whatsapp-notify > '/dev/null' 2>&1  

  2025-06-08 22:54:00 Running ['artisan' tareas:whatsapp-notify] .. 108ms DONE
  ⇂ '/usr/bin/php8.1' 'artisan' tareas:whatsapp-notify > '/dev/null' 2>&1  

  2025-06-08 22:55:00 Running ['artisan' tareas:whatsapp-notify] .. 103ms DONE
  ⇂ '/usr/bin/php8.1' 'artisan' tareas:whatsapp-notify > '/dev/null' 2>&1  

  2025-06-08 22:56:00 Running ['artisan' tareas:whatsapp-notify] .. 119ms DONE
  ⇂ '/usr/bin/php8.1' 'artisan' tareas:whatsapp-notify > '/dev/null' 2>&1  

  2025-06-08 22:57:00 Running ['artisan' tareas:whatsapp-notify] .. 124ms DONE
  ⇂ '/usr/bin/php8.1' 'artisan' tareas:whatsapp-notify > '/dev/null' 2>&1  

  2025-06-08 22:58:00 Running ['artisan' tareas:whatsapp-notify] .. 113ms DONE
  ⇂ '/usr/bin/php8.1' 'artisan' tareas:whatsapp-notify > '/dev/null' 2>&1  

  2025-06-08 22:59:00 Running ['artisan' tareas:whatsapp-notify] .. 124ms DONE
  ⇂ '/usr/bin/php8.1' 'artisan' tareas:whatsapp-notify > '/dev/null' 2>&1  

  2025-06-08 23:00:00 Running ['artisan' tareas:whatsapp-notify] .. 125ms DONE
  ⇂ '/usr/bin/php8.1' 'artisan' tareas:whatsapp-notify > '/dev/null' 2>&1  

  2025-06-08 23:01:00 Running ['artisan' tareas:whatsapp-notify] .. 194ms DONE
  ⇂ '/usr/bin/php8.1' 'artisan' tareas:whatsapp-notify > '/dev/null' 2>&1  

  2025-06-08 23:02:00 Running ['artisan' tareas:whatsapp-notify] .. 117ms DONE
  ⇂ '/usr/bin/php8.1' 'artisan' tareas:whatsapp-notify > '/dev/null' 2>&1  

  2025-06-08 23:03:00 Running ['artisan' tareas:whatsapp-notify] .. 115ms DONE
  ⇂ '/usr/bin/php8.1' 'artisan' tareas:whatsapp-notify > '/dev/null' 2>&1  

  2025-06-08 23:04:00 Running ['artisan' tareas:whatsapp-notify] .. 132ms DONE
  ⇂ '/usr/bin/php8.1' 'artisan' tareas:whatsapp-notify > '/dev/null' 2>&1  

  2025-06-08 23:05:00 Running ['artisan' tareas:whatsapp-notify] .. 113ms DONE
  ⇂ '/usr/bin/php8.1' 'artisan' tareas:whatsapp-notify > '/dev/null' 2>&1  

  2025-06-08 23:06:00 Running ['artisan' tareas:whatsapp-notify] .. 151ms DONE
  ⇂ '/usr/bin/php8.1' 'artisan' tareas:whatsapp-notify > '/dev/null' 2>&1  

  2025-06-08 23:07:00 Running ['artisan' tareas:whatsapp-notify] .. 122ms DONE
  ⇂ '/usr/bin/php8.1' 'artisan' tareas:whatsapp-notify > '/dev/null' 2>&1  

  2025-06-08 23:08:00 Running ['artisan' tareas:whatsapp-notify] .. 118ms DONE
  ⇂ '/usr/bin/php8.1' 'artisan' tareas:whatsapp-notify > '/dev/null' 2>&1  

  2025-06-08 23:09:00 Running ['artisan' tareas:whatsapp-notify] .. 118ms DONE
  ⇂ '/usr/bin/php8.1' 'artisan' tareas:whatsapp-notify > '/dev/null' 2>&1  

  2025-06-08 23:10:00 Running ['artisan' tareas:whatsapp-notify] ... 99ms DONE
  ⇂ '/usr/bin/php8.1' 'artisan' tareas:whatsapp-notify > '/dev/null' 2>&1  

  2025-06-08 23:11:00 Running ['artisan' tareas:whatsapp-notify] .. 149ms DONE
  ⇂ '/usr/bin/php8.1' 'artisan' tareas:whatsapp-notify > '/dev/null' 2>&1  

  2025-06-08 23:12:00 Running ['artisan' tareas:whatsapp-notify] .. 112ms DONE
  ⇂ '/usr/bin/php8.1' 'artisan' tareas:whatsapp-notify > '/dev/null' 2>&1  

  2025-06-08 23:13:00 Running ['artisan' tareas:whatsapp-notify] .. 109ms DONE
  ⇂ '/usr/bin/php8.1' 'artisan' tareas:whatsapp-notify > '/dev/null' 2>&1  

  2025-06-08 23:14:00 Running ['artisan' tareas:whatsapp-notify] .. 185ms DONE
  ⇂ '/usr/bin/php8.1' 'artisan' tareas:whatsapp-notify > '/dev/null' 2>&1  

  2025-06-08 23:15:00 Running ['artisan' tareas:whatsapp-notify] .. 116ms DONE
  ⇂ '/usr/bin/php8.1' 'artisan' tareas:whatsapp-notify > '/dev/null' 2>&1  

  2025-06-08 23:16:00 Running ['artisan' tareas:whatsapp-notify] .. 113ms DONE
  ⇂ '/usr/bin/php8.1' 'artisan' tareas:whatsapp-notify > '/dev/null' 2>&1  

  2025-06-08 23:17:00 Running ['artisan' tareas:whatsapp-notify] .. 110ms DONE
  ⇂ '/usr/bin/php8.1' 'artisan' tareas:whatsapp-notify > '/dev/null' 2>&1  

  2025-06-08 23:18:00 Running ['artisan' tareas:whatsapp-notify] .. 158ms DONE
  ⇂ '/usr/bin/php8.1' 'artisan' tareas:whatsapp-notify > '/dev/null' 2>&1  

  2025-06-08 23:19:00 Running ['artisan' tareas:whatsapp-notify] .. 118ms DONE
  ⇂ '/usr/bin/php8.1' 'artisan' tareas:whatsapp-notify > '/dev/null' 2>&1  

  2025-06-08 23:20:00 Running ['artisan' tareas:whatsapp-notify] .. 105ms DONE
  ⇂ '/usr/bin/php8.1' 'artisan' tareas:whatsapp-notify > '/dev/null' 2>&1  

  2025-06-08 23:21:00 Running ['artisan' tareas:whatsapp-notify] .. 113ms DONE
  ⇂ '/usr/bin/php8.1' 'artisan' tareas:whatsapp-notify > '/dev/null' 2>&1  

  2025-06-08 23:22:00 Running ['artisan' tareas:whatsapp-notify] .. 119ms DONE
  ⇂ '/usr/bin/php8.1' 'artisan' tareas:whatsapp-notify > '/dev/null' 2>&1  

  2025-06-08 23:23:00 Running ['artisan' tareas:whatsapp-notify] .. 123ms DONE
  ⇂ '/usr/bin/php8.1' 'artisan' tareas:whatsapp-notify > '/dev/null' 2>&1  

  2025-06-08 23:24:00 Running ['artisan' tareas:whatsapp-notify] .. 120ms DONE
  ⇂ '/usr/bin/php8.1' 'artisan' tareas:whatsapp-notify > '/dev/null' 2>&1  

  2025-06-08 23:25:00 Running ['artisan' tareas:whatsapp-notify] .. 158ms DONE
  ⇂ '/usr/bin/php8.1' 'artisan' tareas:whatsapp-notify > '/dev/null' 2>&1  

  2025-06-08 23:26:00 Running ['artisan' tareas:whatsapp-notify] .. 145ms DONE
  ⇂ '/usr/bin/php8.1' 'artisan' tareas:whatsapp-notify > '/dev/null' 2>&1  

  2025-06-08 23:27:00 Running ['artisan' tareas:whatsapp-notify] .. 121ms DONE
  ⇂ '/usr/bin/php8.1' 'artisan' tareas:whatsapp-notify > '/dev/null' 2>&1  

  2025-06-08 23:28:00 Running ['artisan' tareas:whatsapp-notify] .. 134ms DONE
  ⇂ '/usr/bin/php8.1' 'artisan' tareas:whatsapp-notify > '/dev/null' 2>&1  

  2025-06-08 23:29:00 Running ['artisan' tareas:whatsapp-notify] .. 206ms DONE
  ⇂ '/usr/bin/php8.1' 'artisan' tareas:whatsapp-notify > '/dev/null' 2>&1  

  2025-06-08 23:30:00 Running ['artisan' tareas:whatsapp-notify] .. 116ms DONE
  ⇂ '/usr/bin/php8.1' 'artisan' tareas:whatsapp-notify > '/dev/null' 2>&1  

  2025-06-08 23:31:00 Running ['artisan' tareas:whatsapp-notify] .. 128ms DONE
  ⇂ '/usr/bin/php8.1' 'artisan' tareas:whatsapp-notify > '/dev/null' 2>&1  

  2025-06-08 23:32:00 Running ['artisan' tareas:whatsapp-notify] .. 127ms DONE
  ⇂ '/usr/bin/php8.1' 'artisan' tareas:whatsapp-notify > '/dev/null' 2>&1  

  2025-06-08 23:33:00 Running ['artisan' tareas:whatsapp-notify] .. 108ms DONE
  ⇂ '/usr/bin/php8.1' 'artisan' tareas:whatsapp-notify > '/dev/null' 2>&1  

