- ....
- Help Keep This Project Going! Know more: https://github.com/orkestral/venom/blob/master/docs/getting-started/donate.md
- Help Keep This Project Going! Know more: https://github.com/orkestral/venom/blob/master/docs/getting-started/donate.md
- check nodeJs version...
- Help Keep This Project Going! Know more: https://github.com/orkestral/venom/blob/master/docs/getting-started/donate.md
- Node.js version verified successfully!
You're up to date 🎉🎉🎉
- Help Keep This Project Going! Know more: https://github.com/orkestral/venom/blob/master/docs/getting-started/donate.md
- Node.js version verified successfully!
- Waiting... checking the browser...
Warning: The usage of "headless: true" is deprecated. Please use "headless: 'new'" or "headless: false" instead. https://developer.chrome.com/articles/new-headless/
- Help Keep This Project Going! Know more: https://github.com/orkestral/venom/blob/master/docs/getting-started/donate.md
- Node.js version verified successfully!
- Waiting... checking the browser...
- ...
- Help Keep This Project Going! Know more: https://github.com/orkestral/venom/blob/master/docs/getting-started/donate.md
- Node.js version verified successfully!
- Waiting... checking the browser...
- Executable path browser: /usr/bin/google-chrome-stable
- Help Keep This Project Going! Know more: https://github.com/orkestral/venom/blob/master/docs/getting-started/donate.md
- Node.js version verified successfully!
- Waiting... checking the browser...
- Executable path browser: /usr/bin/google-chrome-stable
- ...
- Help Keep This Project Going! Know more: https://github.com/orkestral/venom/blob/master/docs/getting-started/donate.md
- Node.js version verified successfully!
- Waiting... checking the browser...
- Executable path browser: /usr/bin/google-chrome-stable
- Platform: linux
- Help Keep This Project Going! Know more: https://github.com/orkestral/venom/blob/master/docs/getting-started/donate.md
- Node.js version verified successfully!
- Waiting... checking the browser...
- Executable path browser: /usr/bin/google-chrome-stable
- Platform: linux
- ...
- Help Keep This Project Going! Know more: https://github.com/orkestral/venom/blob/master/docs/getting-started/donate.md
- Node.js version verified successfully!
- Waiting... checking the browser...
- Executable path browser: /usr/bin/google-chrome-stable
- Platform: linux
- Browser Version: 137.0.7151.55
- Help Keep This Project Going! Know more: https://github.com/orkestral/venom/blob/master/docs/getting-started/donate.md
- Node.js version verified successfully!
- Waiting... checking the browser...
- Executable path browser: /usr/bin/google-chrome-stable
- Platform: linux
- Browser Version: 137.0.7151.55
- ...
- Help Keep This Project Going! Know more: https://github.com/orkestral/venom/blob/master/docs/getting-started/donate.md
- Node.js version verified successfully!
- Waiting... checking the browser...
- Executable path browser: /usr/bin/google-chrome-stable
- Platform: linux
- Browser Version: 137.0.7151.55
- Path Stored "SingletonLock": /home/alex/gestor-tareas-completo/whatsapp-bot/tokens/my-session/SingletonLock
- Help Keep This Project Going! Know more: https://github.com/orkestral/venom/blob/master/docs/getting-started/donate.md
- Node.js version verified successfully!
- Waiting... checking the browser...
- Executable path browser: /usr/bin/google-chrome-stable
- Platform: linux
- Browser Version: 137.0.7151.55
- Path Stored "SingletonLock": /home/alex/gestor-tareas-completo/whatsapp-bot/tokens/my-session/SingletonLock
- checking SingletonLock file
- Help Keep This Project Going! Know more: https://github.com/orkestral/venom/blob/master/docs/getting-started/donate.md
- Node.js version verified successfully!
- Waiting... checking the browser...
- Executable path browser: /usr/bin/google-chrome-stable
- Platform: linux
- Browser Version: 137.0.7151.55
- Path Stored "SingletonLock": /home/alex/gestor-tareas-completo/whatsapp-bot/tokens/my-session/SingletonLock
- The file "SingletonLock" was not found
- Help Keep This Project Going! Know more: https://github.com/orkestral/venom/blob/master/docs/getting-started/donate.md
- Node.js version verified successfully!
- Browser successfully opened
- Executable path browser: /usr/bin/google-chrome-stable
- Platform: linux
- Browser Version: 137.0.7151.55
- Path Stored "SingletonLock": /home/alex/gestor-tareas-completo/whatsapp-bot/tokens/my-session/SingletonLock
- The file "SingletonLock" was not found
- Help Keep This Project Going! Know more: https://github.com/orkestral/venom/blob/master/docs/getting-started/donate.md
- Node.js version verified successfully!
- checking headless...
- Executable path browser: /usr/bin/google-chrome-stable
- Platform: linux
- Browser Version: 137.0.7151.55
- Path Stored "SingletonLock": /home/alex/gestor-tareas-completo/whatsapp-bot/tokens/my-session/SingletonLock
- The file "SingletonLock" was not found
- Help Keep This Project Going! Know more: https://github.com/orkestral/venom/blob/master/docs/getting-started/donate.md
- Node.js version verified successfully!
- headless option is active, browser hidden
- Executable path browser: /usr/bin/google-chrome-stable
- Platform: linux
- Browser Version: 137.0.7151.55
- Path Stored "SingletonLock": /home/alex/gestor-tareas-completo/whatsapp-bot/tokens/my-session/SingletonLock
- The file "SingletonLock" was not found
- Help Keep This Project Going! Know more: https://github.com/orkestral/venom/blob/master/docs/getting-started/donate.md
- Node.js version verified successfully!
- headless option is active, browser hidden
- Executable path browser: /usr/bin/google-chrome-stable
- Platform: linux
- Browser Version: 137.0.7151.55
- Path Stored "SingletonLock": /home/alex/gestor-tareas-completo/whatsapp-bot/tokens/my-session/SingletonLock
- The file "SingletonLock" was not found
- Checking page to whatzapp...
- Help Keep This Project Going! Know more: https://github.com/orkestral/venom/blob/master/docs/getting-started/donate.md
- Node.js version verified successfully!
- headless option is active, browser hidden
- Executable path browser: /usr/bin/google-chrome-stable
- Platform: linux
- Browser Version: 137.0.7151.55
- Path Stored "SingletonLock": /home/alex/gestor-tareas-completo/whatsapp-bot/tokens/my-session/SingletonLock
- The file "SingletonLock" was not found
- Page successfully accessed
- Help Keep This Project Going! Know more: https://github.com/orkestral/venom/blob/master/docs/getting-started/donate.md
- Node.js version verified successfully!
- headless option is active, browser hidden
- Executable path browser: /usr/bin/google-chrome-stable
- Platform: linux
- Browser Version: 137.0.7151.55
- Path Stored "SingletonLock": /home/alex/gestor-tareas-completo/whatsapp-bot/tokens/my-session/SingletonLock
- The file "SingletonLock" was not found
- Page successfully accessed
- waiting for introduction
- Help Keep This Project Going! Know more: https://github.com/orkestral/venom/blob/master/docs/getting-started/donate.md
- Node.js version verified successfully!
- headless option is active, browser hidden
- Executable path browser: /usr/bin/google-chrome-stable
- Platform: linux
- Browser Version: 137.0.7151.55
- Path Stored "SingletonLock": /home/alex/gestor-tareas-completo/whatsapp-bot/tokens/my-session/SingletonLock
- The file "SingletonLock" was not found
- Page successfully accessed
- waiting for introduction
- [instance: my-session]: Waiting page load
- Help Keep This Project Going! Know more: https://github.com/orkestral/venom/blob/master/docs/getting-started/donate.md
- Node.js version verified successfully!
- headless option is active, browser hidden
- Executable path browser: /usr/bin/google-chrome-stable
- Platform: linux
- Browser Version: 137.0.7151.55
- Path Stored "SingletonLock": /home/alex/gestor-tareas-completo/whatsapp-bot/tokens/my-session/SingletonLock
- The file "SingletonLock" was not found
- Page successfully accessed
- waiting for introduction
- [instance: my-session]: Checking is logged...
- Help Keep This Project Going! Know more: https://github.com/orkestral/venom/blob/master/docs/getting-started/donate.md
- Node.js version verified successfully!
- headless option is active, browser hidden
- Executable path browser: /usr/bin/google-chrome-stable
- Platform: linux
- Browser Version: 137.0.7151.55
- Path Stored "SingletonLock": /home/alex/gestor-tareas-completo/whatsapp-bot/tokens/my-session/SingletonLock
- The file "SingletonLock" was not found
- Page successfully accessed
- waiting for introduction
- [instance: my-session]: Authenticated
- Help Keep This Project Going! Know more: https://github.com/orkestral/venom/blob/master/docs/getting-started/donate.md
- Node.js version verified successfully!
- headless option is active, browser hidden
- Executable path browser: /usr/bin/google-chrome-stable
- Platform: linux
- Browser Version: 137.0.7151.55
- Path Stored "SingletonLock": /home/alex/gestor-tareas-completo/whatsapp-bot/tokens/my-session/SingletonLock
- The file "SingletonLock" was not found
- Page successfully accessed
- waiting for introduction
- [instance: my-session]: Checking phone is connected...
- Help Keep This Project Going! Know more: https://github.com/orkestral/venom/blob/master/docs/getting-started/donate.md
- Node.js version verified successfully!
- headless option is active, browser hidden
- Executable path browser: /usr/bin/google-chrome-stable
- Platform: linux
- Browser Version: 137.0.7151.55
- Path Stored "SingletonLock": /home/alex/gestor-tareas-completo/whatsapp-bot/tokens/my-session/SingletonLock
- The file "SingletonLock" was not found
- Page successfully accessed
- waiting for introduction
- [instance: my-session]: Connected
- Help Keep This Project Going! Know more: https://github.com/orkestral/venom/blob/master/docs/getting-started/donate.md
- Node.js version verified successfully!
- headless option is active, browser hidden
- Executable path browser: /usr/bin/google-chrome-stable
- Platform: linux
- Browser Version: 137.0.7151.55
- Path Stored "SingletonLock": /home/alex/gestor-tareas-completo/whatsapp-bot/tokens/my-session/SingletonLock
- The file "SingletonLock" was not found
- Page successfully accessed
- Successfully connected!
- [instance: my-session]: Connected
- Help Keep This Project Going! Know more: https://github.com/orkestral/venom/blob/master/docs/getting-started/donate.md
- Node.js version verified successfully!
- headless option is active, browser hidden
- Executable path browser: /usr/bin/google-chrome-stable
- Platform: linux
- Browser Version: 137.0.7151.55
- Path Stored "SingletonLock": /home/alex/gestor-tareas-completo/whatsapp-bot/tokens/my-session/SingletonLock
- The file "SingletonLock" was not found
- Page successfully accessed
- Successfully connected!
- [instance: my-session]: Connected
- opening main page...
- Help Keep This Project Going! Know more: https://github.com/orkestral/venom/blob/master/docs/getting-started/donate.md
- Node.js version verified successfully!
- headless option is active, browser hidden
- Executable path browser: /usr/bin/google-chrome-stable
- Platform: linux
- Browser Version: 137.0.7151.55
- Path Stored "SingletonLock": /home/alex/gestor-tareas-completo/whatsapp-bot/tokens/my-session/SingletonLock
- The file "SingletonLock" was not found
- Page successfully accessed
- Successfully connected!
- [instance: my-session]: Connected
- Successfully main page!
- Help Keep This Project Going! Know more: https://github.com/orkestral/venom/blob/master/docs/getting-started/donate.md
- Node.js version verified successfully!
- headless option is active, browser hidden
- Executable path browser: /usr/bin/google-chrome-stable
- Platform: linux
- Browser Version: 137.0.7151.55
- Path Stored "SingletonLock": /home/alex/gestor-tareas-completo/whatsapp-bot/tokens/my-session/SingletonLock
- The file "SingletonLock" was not found
- Page successfully accessed
- Successfully connected!
- [instance: my-session]: Connected
- Successfully main page!
✅ Cliente de WhatsApp conectado exitosamente
🚀 Servidor de VenomBot activo en puerto 3000
📱 Listo para recibir peticiones de Laravel
- Help Keep This Project Going! Know more: https://github.com/orkestral/venom/blob/master/docs/getting-started/donate.md
- Node.js version verified successfully!
- headless option is active, browser hidden
- Executable path browser: /usr/bin/google-chrome-stable
- Platform: linux
- Browser Version: 137.0.7151.55
- Path Stored "SingletonLock": /home/alex/gestor-tareas-completo/whatsapp-bot/tokens/my-session/SingletonLock
- The file "SingletonLock" was not found
- Page successfully accessed
- Successfully connected!
- [instance: my-session]: Connected
- opening main page...
- Help Keep This Project Going! Know more: https://github.com/orkestral/venom/blob/master/docs/getting-started/donate.md
- Node.js version verified successfully!
- headless option is active, browser hidden
- Executable path browser: /usr/bin/google-chrome-stable
- Platform: linux
- Browser Version: 137.0.7151.55
- Path Stored "SingletonLock": /home/alex/gestor-tareas-completo/whatsapp-bot/tokens/my-session/SingletonLock
- The file "SingletonLock" was not found
- Page successfully accessed
- Successfully connected!
- [instance: my-session]: Connected
- Successfully main page!
- Help Keep This Project Going! Know more: https://github.com/orkestral/venom/blob/master/docs/getting-started/donate.md
- Node.js version verified successfully!
- headless option is active, browser hidden
- Executable path browser: /usr/bin/google-chrome-stable
- Platform: linux
- Browser Version: 137.0.7151.55
- Path Stored "SingletonLock": /home/alex/gestor-tareas-completo/whatsapp-bot/tokens/my-session/SingletonLock
- The file "SingletonLock" was not found
- Page successfully accessed
- Successfully connected!
- [instance: my-session]: Connected
- Successfully main page!
2025-06-09T02:59:56.864Z - GET /test
Body: undefined
2025-06-09T03:01:00.294Z - GET /test
Body: undefined
2025-06-09T03:01:00.309Z - POST /send-message
Body: {
  number: '51937594193',
  message: '⚠️ *Tarea Vencida*\n' +
    '\n' +
    '📋 *Título:* Hola profesor\n' +
    '📝 *Descripción:* BUenos días, congratulations, chau\n' +
    '⏰ *Programada para:* 08/06/2025 22:01 (Lima)\n' +
    '⌛ *Vencida:* 1 second ago\n' +
    '🤖 Enviado por tu Gestor de Tareas'
}
📨 Petición recibida para enviar mensaje
📤 Enviando mensaje a: 51937594193@c.us
📝 Mensaje: ⚠️ *Tarea Vencida*

📋 *Título:* Hola profesor
📝 *Descripción:* BUenos días, congratulations, chau
⏰ *Programada para:* 08/06/2025 22:01 (Lima)
⌛ *Vencida:* 1 second ago
🤖 Enviado por tu Gestor de Tareas
✅ Mensaje enviado exitosamente
